Arguments: 
  /usr/local/bin/node /usr/local/Cellar/yarn/1.16.0/libexec/bin/yarn.js add laravel-mix -D

PATH: 
  /usr/local/opt/mysql-client/bin:/usr/local/bin:/usr/bin:/bin:/usr/sbin:/sbin:/Users/stephenoldham/.composer/vendor/bin

Yarn version: 
  1.16.0

Node version: 
  11.15.0

Platform: 
  darwin x64

Trace: 
  SyntaxError: /Users/stephenoldham/Documents/WORK/SITES/vue-datepicker/package.json: Unexpected token } in JSON at position 1495
      at JSON.parse (<anonymous>)
      at /usr/local/Cellar/yarn/1.16.0/libexec/lib/cli.js:1625:59
      at Generator.next (<anonymous>)
      at step (/usr/local/Cellar/yarn/1.16.0/libexec/lib/cli.js:304:30)
      at /usr/local/Cellar/yarn/1.16.0/libexec/lib/cli.js:315:13

npm manifest: 
  {
    "name": "vue-datepicker",
    "version": "1.0.0",
    "description": "A little datepicker vue component",
    "author": "Steve Oldham",
    "license": "MIT",
    "repository": {
      "type": "git",
      "url": "git+https://github.com/stephenoldham/vue-datepicker.git"
    },
    "main": "dist/datepicker.ssr.js",
    "browser": "dist/datepicker.esm.js",
    "module": "dist/datepicker.esm.js",
    "unpkg": "dist/datepicker.min.js",
    "files": [
      "dist/*",
      "src/**/*.vue"
    ],
    "scripts": {
      "serve": "vue-cli-service serve dev/serve.js",
      "build": "cross-env NODE_ENV=production rollup --config build/rollup.config.js",
      "build:ssr": "cross-env NODE_ENV=production rollup --config build/rollup.config.js --format cjs",
      "build:es": "cross-env NODE_ENV=production rollup --config build/rollup.config.js --format es",
      "build:unpkg": "cross-env NODE_ENV=production rollup --config build/rollup.config.js --format iife",
      "dev": "npm run development",
      "development": "cross-env NODE_ENV=development node_modules/webpack/bin/webpack.js --progress --hide-modules --config=node_modules/laravel-mix/setup/webpack.config.js",
      "watch": "npm run development -- --watch",
      "prod": "npm run production",
      "production": "cross-env NODE_ENV=production node_modules/webpack/bin/webpack.js --no-progress --hide-modules --config=node_modules/laravel-mix/setup/webpack.config.js"
    },
    "dependencies": {
      "@popperjs/core": "^2.4.0",
      "dayjs": "^1.8.28",
      "deepmerge": "^4.2.2",
    },
    "devDependencies": {
      "@babel/core": "^7.9.0",
      "@babel/preset-env": "^7.9.5",
      "@rollup/plugin-alias": "^2.2.0",
      "@rollup/plugin-commonjs": "^11.1.0",
      "@rollup/plugin-node-resolve": "^8.0.1",
      "@rollup/plugin-replace": "^2.3.2",
      "@vue/cli-plugin-babel": "^4.3.1",
      "@vue/cli-service": "^4.3.1",
      "cross-env": "^7.0.2",
      "minimist": "^1.2.5",
      "rollup": "^2.7.3",
      "rollup-plugin-babel": "^4.4.0",
      "rollup-plugin-terser": "^5.3.0",
      "rollup-plugin-vue": "^5.1.6",
      "vue": "^2.6.11",
      "vue-template-compiler": "^2.6.11"
    },
    "peerDependencies": {
      "vue": "^2.6.11"
    },
    "engines": {
      "node": ">=10"
    }
  }

yarn manifest: 
  No manifest

Lockfile: 
  No lockfile
